Analysis & Synthesis report for counter
Sat Dec 09 08:28:22 2017
Quartus Prime Version 15.1.0 Build 185 10/21/2015 SJ Lite Edition


---------------------
; Table of Contents ;
---------------------
  1. Legal Notice
  2. Analysis & Synthesis Summary
  3. Analysis & Synthesis Settings
  4. Parallel Compilation
  5. Analysis & Synthesis Source Files Read
  6. Analysis & Synthesis Resource Usage Summary
  7. Analysis & Synthesis Resource Utilization by Entity
  8. User-Specified and Inferred Latches
  9. General Register Statistics
 10. Post-Synthesis Netlist Statistics for Top Partition
 11. Elapsed Time Per Partition
 12. Analysis & Synthesis Messages



----------------
; Legal Notice ;
----------------
Copyright (C) 1991-2015 Altera Corporation. All rights reserved.
Your use of Altera Corporation's design tools, logic functions 
and other software and tools, and its AMPP partner logic 
functions, and any output files from any of the foregoing 
(including device programming or simulation files), and any 
associated documentation or information are expressly subject 
to the terms and conditions of the Altera Program License 
Subscription Agreement, the Altera Quartus Prime License Agreement,
the Altera MegaCore Function License Agreement, or other 
applicable license agreement, including, without limitation, 
that your use is for the sole purpose of programming logic 
devices manufactured by Altera and sold by Altera or its 
authorized distributors.  Please refer to the applicable 
agreement for further details.



+----------------------------------------------------------------------------------+
; Analysis & Synthesis Summary                                                     ;
+------------------------------------+---------------------------------------------+
; Analysis & Synthesis Status        ; Successful - Sat Dec 09 08:28:22 2017       ;
; Quartus Prime Version              ; 15.1.0 Build 185 10/21/2015 SJ Lite Edition ;
; Revision Name                      ; counter                                     ;
; Top-level Entity Name              ; counter                                     ;
; Family                             ; MAX 10                                      ;
; Total logic elements               ; 112                                         ;
;     Total combinational functions  ; 112                                         ;
;     Dedicated logic registers      ; 69                                          ;
; Total registers                    ; 69                                          ;
; Total pins                         ; 25                                          ;
; Total virtual pins                 ; 0                                           ;
; Total memory bits                  ; 0                                           ;
; Embedded Multiplier 9-bit elements ; 0                                           ;
; Total PLLs                         ; 0                                           ;
; UFM blocks                         ; 0                                           ;
; ADC blocks                         ; 0                                           ;
+------------------------------------+---------------------------------------------+


+----------------------------------------------------------------------------------------------------------------------+
; Analysis & Synthesis Settings                                                                                        ;
+----------------------------------------------------------------------------+--------------------+--------------------+
; Option                                                                     ; Setting            ; Default Value      ;
+----------------------------------------------------------------------------+--------------------+--------------------+
; Device                                                                     ; 10M50DAF484C7G     ;                    ;
; Top-level entity name                                                      ; counter            ; counter            ;
; Family name                                                                ; MAX 10             ; Cyclone V          ;
; Use smart compilation                                                      ; Off                ; Off                ;
; Enable parallel Assembler and TimeQuest Timing Analyzer during compilation ; On                 ; On                 ;
; Enable compact report table                                                ; Off                ; Off                ;
; Restructure Multiplexers                                                   ; Auto               ; Auto               ;
; Create Debugging Nodes for IP Cores                                        ; Off                ; Off                ;
; Preserve fewer node names                                                  ; On                 ; On                 ;
; Disable OpenCore Plus hardware evaluation                                  ; Off                ; Off                ;
; Verilog Version                                                            ; Verilog_2001       ; Verilog_2001       ;
; VHDL Version                                                               ; VHDL_1993          ; VHDL_1993          ;
; State Machine Processing                                                   ; Auto               ; Auto               ;
; Safe State Machine                                                         ; Off                ; Off                ;
; Extract Verilog State Machines                                             ; On                 ; On                 ;
; Extract VHDL State Machines                                                ; On                 ; On                 ;
; Ignore Verilog initial constructs                                          ; Off                ; Off                ;
; Iteration limit for constant Verilog loops                                 ; 5000               ; 5000               ;
; Iteration limit for non-constant Verilog loops                             ; 250                ; 250                ;
; Add Pass-Through Logic to Inferred RAMs                                    ; On                 ; On                 ;
; Infer RAMs from Raw Logic                                                  ; On                 ; On                 ;
; Parallel Synthesis                                                         ; On                 ; On                 ;
; DSP Block Balancing                                                        ; Auto               ; Auto               ;
; NOT Gate Push-Back                                                         ; On                 ; On                 ;
; Power-Up Don't Care                                                        ; On                 ; On                 ;
; Remove Redundant Logic Cells                                               ; Off                ; Off                ;
; Remove Duplicate Registers                                                 ; On                 ; On                 ;
; Ignore CARRY Buffers                                                       ; Off                ; Off                ;
; Ignore CASCADE Buffers                                                     ; Off                ; Off                ;
; Ignore GLOBAL Buffers                                                      ; Off                ; Off                ;
; Ignore ROW GLOBAL Buffers                                                  ; Off                ; Off                ;
; Ignore LCELL Buffers                                                       ; Off                ; Off                ;
; Ignore SOFT Buffers                                                        ; On                 ; On                 ;
; Limit AHDL Integers to 32 Bits                                             ; Off                ; Off                ;
; Optimization Technique                                                     ; Balanced           ; Balanced           ;
; Carry Chain Length                                                         ; 70                 ; 70                 ;
; Auto Carry Chains                                                          ; On                 ; On                 ;
; Auto Open-Drain Pins                                                       ; On                 ; On                 ;
; Perform WYSIWYG Primitive Resynthesis                                      ; Off                ; Off                ;
; Auto ROM Replacement                                                       ; On                 ; On                 ;
; Auto RAM Replacement                                                       ; On                 ; On                 ;
; Auto DSP Block Replacement                                                 ; On                 ; On                 ;
; Auto Shift Register Replacement                                            ; Auto               ; Auto               ;
; Allow Shift Register Merging across Hierarchies                            ; Auto               ; Auto               ;
; Auto Clock Enable Replacement                                              ; On                 ; On                 ;
; Strict RAM Replacement                                                     ; Off                ; Off                ;
; Allow Synchronous Control Signals                                          ; On                 ; On                 ;
; Force Use of Synchronous Clear Signals                                     ; Off                ; Off                ;
; Auto RAM Block Balancing                                                   ; On                 ; On                 ;
; Auto RAM to Logic Cell Conversion                                          ; Off                ; Off                ;
; Auto Resource Sharing                                                      ; Off                ; Off                ;
; Allow Any RAM Size For Recognition                                         ; Off                ; Off                ;
; Allow Any ROM Size For Recognition                                         ; Off                ; Off                ;
; Allow Any Shift Register Size For Recognition                              ; Off                ; Off                ;
; Use LogicLock Constraints during Resource Balancing                        ; On                 ; On                 ;
; Ignore translate_off and synthesis_off directives                          ; Off                ; Off                ;
; Timing-Driven Synthesis                                                    ; On                 ; On                 ;
; Report Parameter Settings                                                  ; On                 ; On                 ;
; Report Source Assignments                                                  ; On                 ; On                 ;
; Report Connectivity Checks                                                 ; On                 ; On                 ;
; Ignore Maximum Fan-Out Assignments                                         ; Off                ; Off                ;
; Synchronization Register Chain Length                                      ; 2                  ; 2                  ;
; PowerPlay Power Optimization During Synthesis                              ; Normal compilation ; Normal compilation ;
; HDL message level                                                          ; Level2             ; Level2             ;
; Suppress Register Optimization Related Messages                            ; Off                ; Off                ;
; Number of Removed Registers Reported in Synthesis Report                   ; 5000               ; 5000               ;
; Number of Swept Nodes Reported in Synthesis Report                         ; 5000               ; 5000               ;
; Number of Inverted Registers Reported in Synthesis Report                  ; 100                ; 100                ;
; Clock MUX Protection                                                       ; On                 ; On                 ;
; Auto Gated Clock Conversion                                                ; Off                ; Off                ;
; Block Design Naming                                                        ; Auto               ; Auto               ;
; SDC constraint protection                                                  ; Off                ; Off                ;
; Synthesis Effort                                                           ; Auto               ; Auto               ;
; Shift Register Replacement - Allow Asynchronous Clear Signal               ; On                 ; On                 ;
; Pre-Mapping Resynthesis Optimization                                       ; Off                ; Off                ;
; Analysis & Synthesis Message Level                                         ; Medium             ; Medium             ;
; Disable Register Merging Across Hierarchies                                ; Auto               ; Auto               ;
; Resource Aware Inference For Block RAM                                     ; On                 ; On                 ;
; Synthesis Seed                                                             ; 1                  ; 1                  ;
+----------------------------------------------------------------------------+--------------------+--------------------+


+------------------------------------------+
; Parallel Compilation                     ;
+----------------------------+-------------+
; Processors                 ; Number      ;
+----------------------------+-------------+
; Number detected on machine ; 4           ;
; Maximum allowed            ; 2           ;
;                            ;             ;
; Average used               ; 1.00        ;
; Maximum used               ; 2           ;
;                            ;             ;
; Usage by Processor         ; % Time Used ;
;     Processor 1            ; 100.0%      ;
;     Processor 2            ; < 0.1%      ;
+----------------------------+-------------+


+------------------------------------------------------------------------------------------------------------------------------------------------+
; Analysis & Synthesis Source Files Read                                                                                                         ;
+----------------------------------+-----------------+------------------------+--------------------------------------------------------+---------+
; File Name with User-Entered Path ; Used in Netlist ; File Type              ; File Name with Absolute Path                           ; Library ;
+----------------------------------+-----------------+------------------------+--------------------------------------------------------+---------+
; Verilog1.v                       ; yes             ; User Verilog HDL File  ; C:/Users/hesha.DESKTOP-HEGBGV8/Desktop/last/Verilog1.v ;         ;
+----------------------------------+-----------------+------------------------+--------------------------------------------------------+---------+


+-----------------------------------------------------------+
; Analysis & Synthesis Resource Usage Summary               ;
+---------------------------------------------+-------------+
; Resource                                    ; Usage       ;
+---------------------------------------------+-------------+
; Estimated Total logic elements              ; 112         ;
;                                             ;             ;
; Total combinational functions               ; 112         ;
; Logic element usage by number of LUT inputs ;             ;
;     -- 4 input functions                    ; 23          ;
;     -- 3 input functions                    ; 19          ;
;     -- <=2 input functions                  ; 70          ;
;                                             ;             ;
; Logic elements by mode                      ;             ;
;     -- normal mode                          ; 50          ;
;     -- arithmetic mode                      ; 62          ;
;                                             ;             ;
; Total registers                             ; 69          ;
;     -- Dedicated logic registers            ; 69          ;
;     -- I/O registers                        ; 0           ;
;                                             ;             ;
; I/O pins                                    ; 25          ;
;                                             ;             ;
; Embedded Multiplier 9-bit elements          ; 0           ;
;                                             ;             ;
; Maximum fan-out node                        ; clock~input ;
; Maximum fan-out                             ; 69          ;
; Total fan-out                               ; 526         ;
; Average fan-out                             ; 2.28        ;
+---------------------------------------------+-------------+


+-------------------------------------------------------------------------------------------------------------------------------------------------------------------------------------------------------+
; Analysis & Synthesis Resource Utilization by Entity                                                                                                                                                   ;
+----------------------------+-------------------+--------------+-------------+------------+--------------+---------+-----------+------+--------------+------------+---------------------+--------------+
; Compilation Hierarchy Node ; LC Combinationals ; LC Registers ; Memory Bits ; UFM Blocks ; DSP Elements ; DSP 9x9 ; DSP 18x18 ; Pins ; Virtual Pins ; ADC blocks ; Full Hierarchy Name ; Library Name ;
+----------------------------+-------------------+--------------+-------------+------------+--------------+---------+-----------+------+--------------+------------+---------------------+--------------+
; |counter                   ; 112 (112)         ; 69 (69)      ; 0           ; 0          ; 0            ; 0       ; 0         ; 25   ; 0            ; 0          ; |counter            ; work         ;
+----------------------------+-------------------+--------------+-------------+------------+--------------+---------+-----------+------+--------------+------------+---------------------+--------------+
Note: For table entries with two numbers listed, the numbers in parentheses indicate the number of resources of the given type used by the specific entity alone. The numbers listed outside of parentheses indicate the total resources of the given type used by the specific entity and all of its sub-entities in the hierarchy.


+----------------------------------------------------------------------------------------------------+
; User-Specified and Inferred Latches                                                                ;
+-----------------------------------------------------+---------------------+------------------------+
; Latch Name                                          ; Latch Enable Signal ; Free of Timing Hazards ;
+-----------------------------------------------------+---------------------+------------------------+
; stepperPins1[0]$latch                               ; stepperPins1[3]     ; yes                    ;
; stepperPins1[1]$latch                               ; stepperPins1[3]     ; yes                    ;
; stepperPins1[2]$latch                               ; stepperPins1[3]     ; yes                    ;
; stepperPins1[3]$latch                               ; stepperPins1[3]     ; yes                    ;
; stepperPins2[0]$latch                               ; stepperPins2[3]     ; yes                    ;
; stepperPins2[1]$latch                               ; stepperPins2[3]     ; yes                    ;
; stepperPins2[2]$latch                               ; stepperPins2[3]     ; yes                    ;
; stepperPins2[3]$latch                               ; stepperPins2[3]     ; yes                    ;
; stepperPins3[0]$latch                               ; stepperPins3[3]     ; yes                    ;
; stepperPins3[1]$latch                               ; stepperPins3[3]     ; yes                    ;
; stepperPins3[2]$latch                               ; stepperPins3[3]     ; yes                    ;
; stepperPins3[3]$latch                               ; stepperPins3[3]     ; yes                    ;
; Number of user-specified and inferred latches = 12  ;                     ;                        ;
+-----------------------------------------------------+---------------------+------------------------+
Note: All latches listed above may not be present at the end of synthesis due to various synthesis optimizations.


+------------------------------------------------------+
; General Register Statistics                          ;
+----------------------------------------------+-------+
; Statistic                                    ; Value ;
+----------------------------------------------+-------+
; Total registers                              ; 69    ;
; Number of registers using Synchronous Clear  ; 64    ;
; Number of registers using Synchronous Load   ; 0     ;
; Number of registers using Asynchronous Clear ; 0     ;
; Number of registers using Asynchronous Load  ; 0     ;
; Number of registers using Clock Enable       ; 0     ;
; Number of registers using Preset             ; 0     ;
+----------------------------------------------+-------+


+-----------------------------------------------------+
; Post-Synthesis Netlist Statistics for Top Partition ;
+-----------------------+-----------------------------+
; Type                  ; Count                       ;
+-----------------------+-----------------------------+
; boundary_port         ; 25                          ;
; cycloneiii_ff         ; 69                          ;
;     SCLR              ; 64                          ;
;     plain             ; 5                           ;
; cycloneiii_lcell_comb ; 113                         ;
;     arith             ; 62                          ;
;         2 data inputs ; 62                          ;
;     normal            ; 51                          ;
;         0 data inputs ; 1                           ;
;         1 data inputs ; 2                           ;
;         2 data inputs ; 6                           ;
;         3 data inputs ; 19                          ;
;         4 data inputs ; 23                          ;
;                       ;                             ;
; Max LUT depth         ; 5.00                        ;
; Average LUT depth     ; 3.27                        ;
+-----------------------+-----------------------------+


+-------------------------------+
; Elapsed Time Per Partition    ;
+----------------+--------------+
; Partition Name ; Elapsed Time ;
+----------------+--------------+
; Top            ; 00:00:00     ;
+----------------+--------------+


+-------------------------------+
; Analysis & Synthesis Messages ;
+-------------------------------+
Info: *******************************************************************
Info: Running Quartus Prime Analysis & Synthesis
    Info: Version 15.1.0 Build 185 10/21/2015 SJ Lite Edition
    Info: Processing started: Sat Dec 09 08:28:09 2017
Info: Command: quartus_map --read_settings_files=on --write_settings_files=off counter -c counter
Info (20030): Parallel compilation is enabled and will use 2 of the 2 processors detected
Info (12021): Found 1 design units, including 1 entities, in source file verilog1.v
    Info (12023): Found entity 1: counter File: C:/Users/hesha.DESKTOP-HEGBGV8/Desktop/last/Verilog1.v Line: 1
Info (12127): Elaborating entity "counter" for the top level hierarchy
Warning (10235): Verilog HDL Always Construct warning at Verilog1.v(108): variable "sw1" is read inside the Always Construct but isn't in the Always Construct's Event Control File: C:/Users/hesha.DESKTOP-HEGBGV8/Desktop/last/Verilog1.v Line: 108
Warning (10235): Verilog HDL Always Construct warning at Verilog1.v(121): variable "sw2" is read inside the Always Construct but isn't in the Always Construct's Event Control File: C:/Users/hesha.DESKTOP-HEGBGV8/Desktop/last/Verilog1.v Line: 121
Warning (10235): Verilog HDL Always Construct warning at Verilog1.v(135): variable "sw3" is read inside the Always Construct but isn't in the Always Construct's Event Control File: C:/Users/hesha.DESKTOP-HEGBGV8/Desktop/last/Verilog1.v Line: 135
Warning (10235): Verilog HDL Always Construct warning at Verilog1.v(152): variable "sw4" is read inside the Always Construct but isn't in the Always Construct's Event Control File: C:/Users/hesha.DESKTOP-HEGBGV8/Desktop/last/Verilog1.v Line: 152
Warning (10235): Verilog HDL Always Construct warning at Verilog1.v(166): variable "sw5" is read inside the Always Construct but isn't in the Always Construct's Event Control File: C:/Users/hesha.DESKTOP-HEGBGV8/Desktop/last/Verilog1.v Line: 166
Warning (10235): Verilog HDL Always Construct warning at Verilog1.v(166): variable "sw6" is read inside the Always Construct but isn't in the Always Construct's Event Control File: C:/Users/hesha.DESKTOP-HEGBGV8/Desktop/last/Verilog1.v Line: 166
Warning (10235): Verilog HDL Always Construct warning at Verilog1.v(191): variable "sw6" is read inside the Always Construct but isn't in the Always Construct's Event Control File: C:/Users/hesha.DESKTOP-HEGBGV8/Desktop/last/Verilog1.v Line: 191
Warning (10235): Verilog HDL Always Construct warning at Verilog1.v(191): variable "sw5" is read inside the Always Construct but isn't in the Always Construct's Event Control File: C:/Users/hesha.DESKTOP-HEGBGV8/Desktop/last/Verilog1.v Line: 191
Warning (10240): Verilog HDL Always Construct warning at Verilog1.v(106): inferring latch(es) for variable "stepperPins1", which holds its previous value in one or more paths through the always construct File: C:/Users/hesha.DESKTOP-HEGBGV8/Desktop/last/Verilog1.v Line: 106
Warning (10240): Verilog HDL Always Construct warning at Verilog1.v(106): inferring latch(es) for variable "stepperPins2", which holds its previous value in one or more paths through the always construct File: C:/Users/hesha.DESKTOP-HEGBGV8/Desktop/last/Verilog1.v Line: 106
Warning (10240): Verilog HDL Always Construct warning at Verilog1.v(106): inferring latch(es) for variable "stepperPins3", which holds its previous value in one or more paths through the always construct File: C:/Users/hesha.DESKTOP-HEGBGV8/Desktop/last/Verilog1.v Line: 106
Warning (10034): Output port "stepperPins4" at Verilog1.v(64) has no driver File: C:/Users/hesha.DESKTOP-HEGBGV8/Desktop/last/Verilog1.v Line: 64
Info (10041): Inferred latch for "stepperPins3[0]" at Verilog1.v(106) File: C:/Users/hesha.DESKTOP-HEGBGV8/Desktop/last/Verilog1.v Line: 106
Info (10041): Inferred latch for "stepperPins3[1]" at Verilog1.v(106) File: C:/Users/hesha.DESKTOP-HEGBGV8/Desktop/last/Verilog1.v Line: 106
Info (10041): Inferred latch for "stepperPins3[2]" at Verilog1.v(106) File: C:/Users/hesha.DESKTOP-HEGBGV8/Desktop/last/Verilog1.v Line: 106
Info (10041): Inferred latch for "stepperPins3[3]" at Verilog1.v(106) File: C:/Users/hesha.DESKTOP-HEGBGV8/Desktop/last/Verilog1.v Line: 106
Info (10041): Inferred latch for "stepperPins2[0]" at Verilog1.v(106) File: C:/Users/hesha.DESKTOP-HEGBGV8/Desktop/last/Verilog1.v Line: 106
Info (10041): Inferred latch for "stepperPins2[1]" at Verilog1.v(106) File: C:/Users/hesha.DESKTOP-HEGBGV8/Desktop/last/Verilog1.v Line: 106
Info (10041): Inferred latch for "stepperPins2[2]" at Verilog1.v(106) File: C:/Users/hesha.DESKTOP-HEGBGV8/Desktop/last/Verilog1.v Line: 106
Info (10041): Inferred latch for "stepperPins2[3]" at Verilog1.v(106) File: C:/Users/hesha.DESKTOP-HEGBGV8/Desktop/last/Verilog1.v Line: 106
Info (10041): Inferred latch for "stepperPins1[0]" at Verilog1.v(106) File: C:/Users/hesha.DESKTOP-HEGBGV8/Desktop/last/Verilog1.v Line: 106
Info (10041): Inferred latch for "stepperPins1[1]" at Verilog1.v(106) File: C:/Users/hesha.DESKTOP-HEGBGV8/Desktop/last/Verilog1.v Line: 106
Info (10041): Inferred latch for "stepperPins1[2]" at Verilog1.v(106) File: C:/Users/hesha.DESKTOP-HEGBGV8/Desktop/last/Verilog1.v Line: 106
Info (10041): Inferred latch for "stepperPins1[3]" at Verilog1.v(106) File: C:/Users/hesha.DESKTOP-HEGBGV8/Desktop/last/Verilog1.v Line: 106
Warning (13012): Latch stepperPins1[0]$latch has unsafe behavior File: C:/Users/hesha.DESKTOP-HEGBGV8/Desktop/last/Verilog1.v Line: 106
    Warning (13013): Ports D and ENA on the latch are fed by the same signal sw2 File: C:/Users/hesha.DESKTOP-HEGBGV8/Desktop/last/Verilog1.v Line: 7
Warning (13012): Latch stepperPins1[1]$latch has unsafe behavior File: C:/Users/hesha.DESKTOP-HEGBGV8/Desktop/last/Verilog1.v Line: 106
    Warning (13013): Ports D and ENA on the latch are fed by the same signal sw2 File: C:/Users/hesha.DESKTOP-HEGBGV8/Desktop/last/Verilog1.v Line: 7
Warning (13012): Latch stepperPins1[2]$latch has unsafe behavior File: C:/Users/hesha.DESKTOP-HEGBGV8/Desktop/last/Verilog1.v Line: 106
    Warning (13013): Ports D and ENA on the latch are fed by the same signal sw2 File: C:/Users/hesha.DESKTOP-HEGBGV8/Desktop/last/Verilog1.v Line: 7
Warning (13012): Latch stepperPins1[3]$latch has unsafe behavior File: C:/Users/hesha.DESKTOP-HEGBGV8/Desktop/last/Verilog1.v Line: 106
    Warning (13013): Ports D and ENA on the latch are fed by the same signal sw2 File: C:/Users/hesha.DESKTOP-HEGBGV8/Desktop/last/Verilog1.v Line: 7
Warning (13012): Latch stepperPins2[0]$latch has unsafe behavior File: C:/Users/hesha.DESKTOP-HEGBGV8/Desktop/last/Verilog1.v Line: 106
    Warning (13013): Ports D and ENA on the latch are fed by the same signal sw4 File: C:/Users/hesha.DESKTOP-HEGBGV8/Desktop/last/Verilog1.v Line: 9
Warning (13012): Latch stepperPins2[1]$latch has unsafe behavior File: C:/Users/hesha.DESKTOP-HEGBGV8/Desktop/last/Verilog1.v Line: 106
    Warning (13013): Ports D and ENA on the latch are fed by the same signal sw4 File: C:/Users/hesha.DESKTOP-HEGBGV8/Desktop/last/Verilog1.v Line: 9
Warning (13012): Latch stepperPins2[2]$latch has unsafe behavior File: C:/Users/hesha.DESKTOP-HEGBGV8/Desktop/last/Verilog1.v Line: 106
    Warning (13013): Ports D and ENA on the latch are fed by the same signal sw4 File: C:/Users/hesha.DESKTOP-HEGBGV8/Desktop/last/Verilog1.v Line: 9
Warning (13012): Latch stepperPins2[3]$latch has unsafe behavior File: C:/Users/hesha.DESKTOP-HEGBGV8/Desktop/last/Verilog1.v Line: 106
    Warning (13013): Ports D and ENA on the latch are fed by the same signal sw4 File: C:/Users/hesha.DESKTOP-HEGBGV8/Desktop/last/Verilog1.v Line: 9
Warning (13012): Latch stepperPins3[0]$latch has unsafe behavior File: C:/Users/hesha.DESKTOP-HEGBGV8/Desktop/last/Verilog1.v Line: 106
    Warning (13013): Ports D and ENA on the latch are fed by the same signal sw5 File: C:/Users/hesha.DESKTOP-HEGBGV8/Desktop/last/Verilog1.v Line: 10
Warning (13012): Latch stepperPins3[1]$latch has unsafe behavior File: C:/Users/hesha.DESKTOP-HEGBGV8/Desktop/last/Verilog1.v Line: 106
    Warning (13013): Ports D and ENA on the latch are fed by the same signal sw5 File: C:/Users/hesha.DESKTOP-HEGBGV8/Desktop/last/Verilog1.v Line: 10
Warning (13012): Latch stepperPins3[2]$latch has unsafe behavior File: C:/Users/hesha.DESKTOP-HEGBGV8/Desktop/last/Verilog1.v Line: 106
    Warning (13013): Ports D and ENA on the latch are fed by the same signal sw5 File: C:/Users/hesha.DESKTOP-HEGBGV8/Desktop/last/Verilog1.v Line: 10
Warning (13012): Latch stepperPins3[3]$latch has unsafe behavior File: C:/Users/hesha.DESKTOP-HEGBGV8/Desktop/last/Verilog1.v Line: 106
    Warning (13013): Ports D and ENA on the latch are fed by the same signal sw5 File: C:/Users/hesha.DESKTOP-HEGBGV8/Desktop/last/Verilog1.v Line: 10
Warning (13024): Output pins are stuck at VCC or GND
    Warning (13410): Pin "stepperPins4[0]" is stuck at GND File: C:/Users/hesha.DESKTOP-HEGBGV8/Desktop/last/Verilog1.v Line: 64
    Warning (13410): Pin "stepperPins4[1]" is stuck at GND File: C:/Users/hesha.DESKTOP-HEGBGV8/Desktop/last/Verilog1.v Line: 64
    Warning (13410): Pin "stepperPins4[2]" is stuck at GND File: C:/Users/hesha.DESKTOP-HEGBGV8/Desktop/last/Verilog1.v Line: 64
    Warning (13410): Pin "stepperPins4[3]" is stuck at GND File: C:/Users/hesha.DESKTOP-HEGBGV8/Desktop/last/Verilog1.v Line: 64
Info (286030): Timing-Driven Synthesis is running
Info (16010): Generating hard_block partition "hard_block:auto_generated_inst"
    Info (16011): Adding 0 node(s), including 0 DDIO, 0 PLL, 0 transceiver and 0 LCELL
Warning (21074): Design contains 2 input pin(s) that do not drive logic
    Warning (15610): No output dependent on input pin "sw7" File: C:/Users/hesha.DESKTOP-HEGBGV8/Desktop/last/Verilog1.v Line: 12
    Warning (15610): No output dependent on input pin "sw8" File: C:/Users/hesha.DESKTOP-HEGBGV8/Desktop/last/Verilog1.v Line: 13
Info (21057): Implemented 137 device resources after synthesis - the final resource count might be different
    Info (21058): Implemented 9 input pins
    Info (21059): Implemented 16 output pins
    Info (21061): Implemented 112 logic cells
Info: Quartus Prime Analysis & Synthesis was successful. 0 errors, 44 warnings
    Info: Peak virtual memory: 816 megabytes
    Info: Processing ended: Sat Dec 09 08:28:22 2017
    Info: Elapsed time: 00:00:13
    Info: Total CPU time (on all processors): 00:00:27


